<?xml version="1.0" encoding="UTF-8"?>
<testng-results skipped="0" failed="0" total="2" passed="2">
  <reporter-output>
  </reporter-output>
  <suite name="Command line suite" duration-ms="49924" started-at="2017-07-18T10:13:12Z" finished-at="2017-07-18T10:14:02Z">
    <groups>
    </groups>
    <test name="Command line test" duration-ms="49924" started-at="2017-07-18T10:13:12Z" finished-at="2017-07-18T10:14:02Z">
      <class name="com.fb.web.FbTest">
        <test-method status="PASS" signature="setup()[pri:0, instance:com.fb.web.FbTest@5ae9a829]" name="setup" is-config="true" duration-ms="1035" started-at="2017-07-18T15:43:12Z" finished-at="2017-07-18T15:43:13Z">
          <reporter-output>
          </reporter-output>
        </test-method> <!-- setup -->
        <test-method status="PASS" signature="Google_Search_Test()[pri:0, instance:com.fb.web.FbTest@5ae9a829]" name="Google_Search_Test" duration-ms="48798" started-at="2017-07-18T15:43:13Z" finished-at="2017-07-18T15:44:02Z">
          <reporter-output>
          </reporter-output>
        </test-method> <!-- Google_Search_Test -->
        <test-method status="PASS" signature="sample_Test()[pri:0, instance:com.fb.web.FbTest@5ae9a829]" name="sample_Test" duration-ms="1" started-at="2017-07-18T15:44:02Z" finished-at="2017-07-18T15:44:02Z">
          <reporter-output>
          </reporter-output>
        </test-method> <!-- sample_Test -->
        <test-method status="PASS" signature="shutdown()[pri:0, instance:com.fb.web.FbTest@5ae9a829]" name="shutdown" is-config="true" duration-ms="76" started-at="2017-07-18T15:44:02Z" finished-at="2017-07-18T15:44:02Z">
          <reporter-output>
          </reporter-output>
        </test-method> <!-- shutdown -->
      </class> <!-- com.fb.web.FbTest -->
    </test> <!-- Command line test -->
  </suite> <!-- Command line suite -->
</testng-results>
